data/app_newsreader/task_008/rssreader-main/app/build/intermediates/manifest_merge_blame_file/debug/processDebugMainManifest/manifest-merger-blame-debug-report.txt
1<?xml version="1.0" encoding="utf-8"?>
2<manifest xmlns:android="http://schemas.android.com/apk/res/android"
3    package="livio.rssreader"
4    android:installLocation="auto"
5    android:versionCode="112"
6    android:versionName="1.12" >
7
8    <uses-sdk
9        android:minSdkVersion="23"
10        android:targetSdkVersion="36" />
11
12    <uses-permission android:name="android.permission.INTERNET" />
12-->src\main\AndroidManifest.xml:3:5-67
12-->src\main\AndroidManifest.xml:3:22-64
13    <uses-permission android:name="android.permission.ACCESS_NETWORK_STATE" />
13-->src\main\AndroidManifest.xml:4:2-75
13-->src\main\AndroidManifest.xml:4:19-73
14    <uses-permission
14-->src\main\AndroidManifest.xml:5:5-108
15        android:name="android.permission.WRITE_EXTERNAL_STORAGE"
15-->src\main\AndroidManifest.xml:5:22-78
16        android:maxSdkVersion="29" />
16-->src\main\AndroidManifest.xml:5:79-105
17    <uses-permission android:name="android.permission.READ_EXTERNAL_STORAGE" /> <!-- required to access data written before user uninstalls and reinstalls app -->
17-->src\main\AndroidManifest.xml:6:5-80
17-->src\main\AndroidManifest.xml:6:22-77
18    <uses-permission android:name="android.permission.POST_NOTIFICATIONS" /> <!-- required for Android 13+ to show notifications -->
18-->src\main\AndroidManifest.xml:7:5-77
18-->src\main\AndroidManifest.xml:7:22-74
19    <uses-feature
19-->src\main\AndroidManifest.xml:8:2-86
20        android:name="android.hardware.touchscreen"
20-->src\main\AndroidManifest.xml:8:16-59
21        android:required="false" />
21-->src\main\AndroidManifest.xml:8:60-84
22    <!-- uses-feature android:name="android.software.webview" -->
23    <supports-screens
23-->src\main\AndroidManifest.xml:10:2-79
24        android:largeScreens="true"
24-->src\main\AndroidManifest.xml:10:20-47
25        android:xlargeScreens="true" />
25-->src\main\AndroidManifest.xml:10:48-76
26
27    <queries>
27-->src\main\AndroidManifest.xml:81:5-98:15
28
29        <!-- package visibility for FileManager.java -->
30        <intent>
30-->src\main\AndroidManifest.xml:83:9-85:18
31            <action android:name="android.content.action.DOCUMENTS_PROVIDER" />
31-->src\main\AndroidManifest.xml:84:13-80
31-->src\main\AndroidManifest.xml:84:21-77
32        </intent>
33        <intent>
33-->src\main\AndroidManifest.xml:86:9-89:18
34            <action android:name="android.intent.action.GET_CONTENT" />
34-->src\main\AndroidManifest.xml:87:13-72
34-->src\main\AndroidManifest.xml:87:21-69
35
36            <data android:mimeType="*/*" />
36-->src\main\AndroidManifest.xml:29:17-86
36-->src\main\AndroidManifest.xml:29:45-83
37        </intent>
38        <intent>
38-->src\main\AndroidManifest.xml:90:9-93:18
39            <action android:name="android.intent.action.SEND" />
39-->src\main\AndroidManifest.xml:91:13-65
39-->src\main\AndroidManifest.xml:91:21-62
40
41            <data android:mimeType="*/*" />
41-->src\main\AndroidManifest.xml:29:17-86
41-->src\main\AndroidManifest.xml:29:45-83
42        </intent>
43        <!-- package visibility for text to speech -->
44        <intent>
44-->src\main\AndroidManifest.xml:95:9-97:18
45            <action android:name="android.intent.action.TTS_SERVICE" />
45-->src\main\AndroidManifest.xml:96:13-72
45-->src\main\AndroidManifest.xml:96:21-69
46        </intent>
47    </queries>
48
49    <uses-permission android:name="android.permission.WAKE_LOCK" />
49-->[androidx.work:work-runtime:2.10.5] AndroidManifest.xml:23:5-68
49-->[androidx.work:work-runtime:2.10.5] AndroidManifest.xml:23:22-65
50    <uses-permission android:name="android.permission.RECEIVE_BOOT_COMPLETED" />
50-->[androidx.work:work-runtime:2.10.5] AndroidManifest.xml:25:5-81
50-->[androidx.work:work-runtime:2.10.5] AndroidManifest.xml:25:22-78
51    <uses-permission android:name="android.permission.FOREGROUND_SERVICE" />
51-->[androidx.work:work-runtime:2.10.5] AndroidManifest.xml:26:5-77
51-->[androidx.work:work-runtime:2.10.5] AndroidManifest.xml:26:22-74
52
53    <permission
53-->[androidx.core:core:1.13.0] AndroidManifest.xml:22:5-24:47
54        android:name="livio.rssreader.DYNAMIC_RECEIVER_NOT_EXPORTED_PERMISSION"
54-->[androidx.core:core:1.13.0] AndroidManifest.xml:23:9-81
55        android:protectionLevel="signature" />
55-->[androidx.core:core:1.13.0] AndroidManifest.xml:24:9-44
56
57    <uses-permission android:name="livio.rssreader.DYNAMIC_RECEIVER_NOT_EXPORTED_PERMISSION" />
57-->[androidx.core:core:1.13.0] AndroidManifest.xml:26:5-97
57-->[androidx.core:core:1.13.0] AndroidManifest.xml:26:22-94
58
59    <application
59-->src\main\AndroidManifest.xml:11:5-80:19
60        android:allowBackup="true"
60-->src\main\AndroidManifest.xml:15:18-44
61        android:appComponentFactory="androidx.core.app.CoreComponentFactory"
61-->[androidx.core:core:1.13.0] AndroidManifest.xml:28:18-86
62        android:dataExtractionRules="@xml/data_extraction_rules"
62-->src\main\AndroidManifest.xml:14:6-62
63        android:debuggable="true"
64        android:extractNativeLibs="false"
65        android:fullBackupContent="@xml/mybackupscheme"
65-->src\main\AndroidManifest.xml:15:45-92
66        android:hardwareAccelerated="true"
66-->src\main\AndroidManifest.xml:11:18-52
67        android:icon="@mipmap/ic_launcher"
67-->src\main\AndroidManifest.xml:11:53-87
68        android:label="@string/app_name"
68-->src\main\AndroidManifest.xml:12:18-50
69        android:requestLegacyExternalStorage="true"
69-->src\main\AndroidManifest.xml:13:54-97
70        android:supportsRtl="true"
70-->src\main\AndroidManifest.xml:12:84-110
71        android:testOnly="true"
72        android:theme="@style/Theme.App"
72-->src\main\AndroidManifest.xml:12:51-83
73        android:usesCleartextTraffic="true" >
73-->src\main\AndroidManifest.xml:13:18-53
74
75        <!-- Main activity -->
76        <activity
76-->src\main\AndroidManifest.xml:17:9-34:20
77            android:name="livio.rssreader.RSSReader"
77-->src\main\AndroidManifest.xml:17:19-44
78            android:configChanges="screenSize|smallestScreenSize|screenLayout|orientation"
78-->src\main\AndroidManifest.xml:19:19-97
79            android:exported="true" >
79-->src\main\AndroidManifest.xml:18:5-28
80            <intent-filter>
80-->src\main\AndroidManifest.xml:21:13-24:29
81                <action android:name="android.intent.action.MAIN" />
81-->src\main\AndroidManifest.xml:22:17-69
81-->src\main\AndroidManifest.xml:22:25-66
82
83                <category android:name="android.intent.category.LAUNCHER" />
83-->src\main\AndroidManifest.xml:23:17-77
83-->src\main\AndroidManifest.xml:23:27-74
84            </intent-filter>
85            <intent-filter>
85-->src\main\AndroidManifest.xml:25:13-33:29
86                <action android:name="android.intent.action.VIEW" />
86-->src\main\AndroidManifest.xml:26:17-69
86-->src\main\AndroidManifest.xml:26:25-66
87
88                <category android:name="android.intent.category.DEFAULT" />
88-->src\main\AndroidManifest.xml:27:17-76
88-->src\main\AndroidManifest.xml:27:27-73
89                <category android:name="android.intent.category.BROWSABLE" />
89-->src\main\AndroidManifest.xml:28:17-78
89-->src\main\AndroidManifest.xml:28:27-75
90
91                <data
91-->src\main\AndroidManifest.xml:29:17-86
92                    android:mimeType="application/rss+xml"
92-->src\main\AndroidManifest.xml:29:45-83
93                    android:scheme="http" />
93-->src\main\AndroidManifest.xml:29:23-44
94                <data
94-->src\main\AndroidManifest.xml:29:17-86
95                    android:mimeType="application/atom+xml"
95-->src\main\AndroidManifest.xml:29:45-83
96                    android:scheme="http" />
96-->src\main\AndroidManifest.xml:29:23-44
97                <data
97-->src\main\AndroidManifest.xml:29:17-86
98                    android:mimeType="application/rss+xml"
98-->src\main\AndroidManifest.xml:29:45-83
99                    android:scheme="https" />
99-->src\main\AndroidManifest.xml:29:23-44
100                <data
100-->src\main\AndroidManifest.xml:29:17-86
101                    android:mimeType="application/atom+xml"
101-->src\main\AndroidManifest.xml:29:45-83
102                    android:scheme="https" />
102-->src\main\AndroidManifest.xml:29:23-44
103            </intent-filter>
104        </activity>
105        <activity
105-->src\main\AndroidManifest.xml:35:9-43:20
106            android:name="livio.rssreader.PreferencesFragXML"
106-->src\main\AndroidManifest.xml:35:19-53
107            android:configChanges="screenSize|smallestScreenSize|screenLayout|orientation"
107-->src\main\AndroidManifest.xml:36:13-91
108            android:exported="false"
108-->src\main\AndroidManifest.xml:37:13-37
109            android:label="@string/set_preferences" >
109-->src\main\AndroidManifest.xml:38:13-52
110            <intent-filter>
110-->src\main\AndroidManifest.xml:39:13-42:29
111                <action android:name="android.intent.action.APPLICATION_PREFERENCES" />
111-->src\main\AndroidManifest.xml:40:17-88
111-->src\main\AndroidManifest.xml:40:25-85
112
113                <category android:name="android.intent.category.DEFAULT" />
113-->src\main\AndroidManifest.xml:27:17-76
113-->src\main\AndroidManifest.xml:27:27-73
114            </intent-filter>
115        </activity>
116        <activity
116-->src\main\AndroidManifest.xml:44:9-45:49
117            android:name="livio.rssreader.SelectCategory"
117-->src\main\AndroidManifest.xml:44:19-49
118            android:configChanges="screenSize|smallestScreenSize|screenLayout|orientation"
118-->src\main\AndroidManifest.xml:44:75-153
119            android:exported="false"
119-->src\main\AndroidManifest.xml:44:50-74
120            android:label="@string/sel_cat_label" />
120-->src\main\AndroidManifest.xml:45:10-47
121        <activity
121-->src\main\AndroidManifest.xml:46:9-47:50
122            android:name="livio.rssreader.ListFeeds"
122-->src\main\AndroidManifest.xml:46:19-44
123            android:configChanges="screenSize|smallestScreenSize|screenLayout|orientation"
123-->src\main\AndroidManifest.xml:46:70-148
124            android:exported="false"
124-->src\main\AndroidManifest.xml:46:45-69
125            android:label="@string/sel_feed_label" />
125-->src\main\AndroidManifest.xml:47:10-48
126        <activity
126-->src\main\AndroidManifest.xml:48:9-49:55
127            android:name="livio.rssreader.ShowItem"
127-->src\main\AndroidManifest.xml:48:19-43
128            android:configChanges="screenSize|smallestScreenSize|screenLayout|orientation"
128-->src\main\AndroidManifest.xml:48:69-147
129            android:exported="false"
129-->src\main\AndroidManifest.xml:48:44-68
130            android:label="@string/show_label" />
130-->src\main\AndroidManifest.xml:49:19-53
131        <activity
131-->src\main\AndroidManifest.xml:50:9-51:60
132            android:name="livio.rssreader.ShowHelp"
132-->src\main\AndroidManifest.xml:50:19-43
133            android:configChanges="screenSize|smallestScreenSize|screenLayout|orientation"
133-->src\main\AndroidManifest.xml:50:69-147
134            android:exported="false"
134-->src\main\AndroidManifest.xml:50:44-68
135            android:label="@string/show_help_label" />
135-->src\main\AndroidManifest.xml:51:19-58
136        <activity
136-->src\main\AndroidManifest.xml:52:9-56:20
137            android:name="livio.rssreader.SelectColors"
137-->src\main\AndroidManifest.xml:53:13-41
138            android:configChanges="screenSize|screenLayout|orientation"
138-->src\main\AndroidManifest.xml:53:67-126
139            android:exported="false"
139-->src\main\AndroidManifest.xml:53:42-66
140            android:label="@string/prefs_theme_sub"
140-->src\main\AndroidManifest.xml:55:13-52
141            android:theme="@style/MyDialogTheme" >
141-->src\main\AndroidManifest.xml:54:13-49
142        </activity>
143        <!-- Widget -->
144        <receiver
144-->src\main\AndroidManifest.xml:58:9-63:20
145            android:name="livio.rssreader.RSSWidget"
145-->src\main\AndroidManifest.xml:58:19-59
146            android:exported="true"
146-->src\main\AndroidManifest.xml:58:60-83
147            android:label="@string/widget_name" >
147-->src\main\AndroidManifest.xml:58:84-119
148            <intent-filter>
148-->src\main\AndroidManifest.xml:59:13-61:29
149                <action android:name="android.appwidget.action.APPWIDGET_UPDATE" />
149-->src\main\AndroidManifest.xml:60:17-84
149-->src\main\AndroidManifest.xml:60:25-81
150            </intent-filter>
151
152            <meta-data
152-->src\main\AndroidManifest.xml:62:13-103
153                android:name="android.appwidget.provider"
153-->src\main\AndroidManifest.xml:62:24-65
154                android:resource="@xml/rss_widget" />
154-->src\main\AndroidManifest.xml:62:66-100
155        </receiver>
156        <!-- Widget dark -->
157        <receiver
157-->src\main\AndroidManifest.xml:65:9-70:20
158            android:name="livio.rssreader.RSSWidgetDark"
158-->src\main\AndroidManifest.xml:65:19-63
159            android:exported="true"
159-->src\main\AndroidManifest.xml:65:64-87
160            android:label="@string/widget_name" >
160-->src\main\AndroidManifest.xml:65:88-123
161            <intent-filter>
161-->src\main\AndroidManifest.xml:59:13-61:29
162                <action android:name="android.appwidget.action.APPWIDGET_UPDATE" />
162-->src\main\AndroidManifest.xml:60:17-84
162-->src\main\AndroidManifest.xml:60:25-81
163            </intent-filter>
164
165            <meta-data
165-->src\main\AndroidManifest.xml:62:13-103
166                android:name="android.appwidget.provider"
166-->src\main\AndroidManifest.xml:62:24-65
167                android:resource="@xml/rss_widget_dark" />
167-->src\main\AndroidManifest.xml:62:66-100
168        </receiver>
169
170        <provider
170-->src\main\AndroidManifest.xml:71:9-79:20
171            android:name="androidx.core.content.FileProvider"
171-->src\main\AndroidManifest.xml:72:13-62
172            android:authorities="livio.rssreader.FileProvider"
172-->src\main\AndroidManifest.xml:73:13-63
173            android:exported="false"
173-->src\main\AndroidManifest.xml:75:13-37
174            android:grantUriPermissions="true" >
174-->src\main\AndroidManifest.xml:74:13-47
175            <meta-data
175-->src\main\AndroidManifest.xml:76:13-78:57
176                android:name="android.support.FILE_PROVIDER_PATHS"
176-->src\main\AndroidManifest.xml:77:17-67
177                android:resource="@xml/provider_paths" />
177-->src\main\AndroidManifest.xml:78:17-55
178        </provider>
179        <provider
179-->[androidx.work:work-runtime:2.10.5] AndroidManifest.xml:29:9-37:20
180            android:name="androidx.startup.InitializationProvider"
180-->[androidx.work:work-runtime:2.10.5] AndroidManifest.xml:30:13-67
181            android:authorities="livio.rssreader.androidx-startup"
181-->[androidx.work:work-runtime:2.10.5] AndroidManifest.xml:31:13-68
182            android:exported="false" >
182-->[androidx.work:work-runtime:2.10.5] AndroidManifest.xml:32:13-37
183            <meta-data
183-->[androidx.work:work-runtime:2.10.5] AndroidManifest.xml:34:13-36:52
184                android:name="androidx.work.WorkManagerInitializer"
184-->[androidx.work:work-runtime:2.10.5] AndroidManifest.xml:35:17-68
185                android:value="androidx.startup" />
185-->[androidx.work:work-runtime:2.10.5] AndroidManifest.xml:36:17-49
186            <meta-data
186-->[androidx.emoji2:emoji2:1.3.0] AndroidManifest.xml:29:13-31:52
187                android:name="androidx.emoji2.text.EmojiCompatInitializer"
187-->[androidx.emoji2:emoji2:1.3.0] AndroidManifest.xml:30:17-75
188                android:value="androidx.startup" />
188-->[androidx.emoji2:emoji2:1.3.0] AndroidManifest.xml:31:17-49
189            <meta-data
189-->[androidx.lifecycle:lifecycle-process:2.6.2] AndroidManifest.xml:29:13-31:52
190                android:name="androidx.lifecycle.ProcessLifecycleInitializer"
190-->[androidx.lifecycle:lifecycle-process:2.6.2] AndroidManifest.xml:30:17-78
191                android:value="androidx.startup" />
191-->[androidx.lifecycle:lifecycle-process:2.6.2] AndroidManifest.xml:31:17-49
192            <meta-data
192-->[androidx.profileinstaller:profileinstaller:1.3.1] AndroidManifest.xml:29:13-31:52
193                android:name="androidx.profileinstaller.ProfileInstallerInitializer"
193-->[androidx.profileinstaller:profileinstaller:1.3.1] AndroidManifest.xml:30:17-85
194                android:value="androidx.startup" />
194-->[androidx.profileinstaller:profileinstaller:1.3.1] AndroidManifest.xml:31:17-49
195        </provider>
196
197        <service
197-->[androidx.work:work-runtime:2.10.5] AndroidManifest.xml:39:9-45:35
198            android:name="androidx.work.impl.background.systemalarm.SystemAlarmService"
198-->[androidx.work:work-runtime:2.10.5] AndroidManifest.xml:40:13-88
199            android:directBootAware="false"
199-->[androidx.work:work-runtime:2.10.5] AndroidManifest.xml:41:13-44
200            android:enabled="@bool/enable_system_alarm_service_default"
200-->[androidx.work:work-runtime:2.10.5] AndroidManifest.xml:42:13-72
201            android:exported="false" />
201-->[androidx.work:work-runtime:2.10.5] AndroidManifest.xml:43:13-37
202        <service
202-->[androidx.work:work-runtime:2.10.5] AndroidManifest.xml:46:9-52:35
203            android:name="androidx.work.impl.background.systemjob.SystemJobService"
203-->[androidx.work:work-runtime:2.10.5] AndroidManifest.xml:47:13-84
204            android:directBootAware="false"
204-->[androidx.work:work-runtime:2.10.5] AndroidManifest.xml:48:13-44
205            android:enabled="@bool/enable_system_job_service_default"
205-->[androidx.work:work-runtime:2.10.5] AndroidManifest.xml:49:13-70
206            android:exported="true"
206-->[androidx.work:work-runtime:2.10.5] AndroidManifest.xml:50:13-36
207            android:permission="android.permission.BIND_JOB_SERVICE" />
207-->[androidx.work:work-runtime:2.10.5] AndroidManifest.xml:51:13-69
208        <service
208-->[androidx.work:work-runtime:2.10.5] AndroidManifest.xml:53:9-59:35
209            android:name="androidx.work.impl.foreground.SystemForegroundService"
209-->[androidx.work:work-runtime:2.10.5] AndroidManifest.xml:54:13-81
210            android:directBootAware="false"
210-->[androidx.work:work-runtime:2.10.5] AndroidManifest.xml:55:13-44
211            android:enabled="@bool/enable_system_foreground_service_default"
211-->[androidx.work:work-runtime:2.10.5] AndroidManifest.xml:56:13-77
212            android:exported="false" />
212-->[androidx.work:work-runtime:2.10.5] AndroidManifest.xml:57:13-37
213
214        <receiver
214-->[androidx.work:work-runtime:2.10.5] AndroidManifest.xml:61:9-66:35
215            android:name="androidx.work.impl.utils.ForceStopRunnable$BroadcastReceiver"
215-->[androidx.work:work-runtime:2.10.5] AndroidManifest.xml:62:13-88
216            android:directBootAware="false"
216-->[androidx.work:work-runtime:2.10.5] AndroidManifest.xml:63:13-44
217            android:enabled="true"
217-->[androidx.work:work-runtime:2.10.5] AndroidManifest.xml:64:13-35
218            android:exported="false" />
218-->[androidx.work:work-runtime:2.10.5] AndroidManifest.xml:65:13-37
219        <receiver
219-->[androidx.work:work-runtime:2.10.5] AndroidManifest.xml:67:9-77:20
220            android:name="androidx.work.impl.background.systemalarm.ConstraintProxy$BatteryChargingProxy"
220-->[androidx.work:work-runtime:2.10.5] AndroidManifest.xml:68:13-106
221            android:directBootAware="false"
221-->[androidx.work:work-runtime:2.10.5] AndroidManifest.xml:69:13-44
222            android:enabled="false"
222-->[androidx.work:work-runtime:2.10.5] AndroidManifest.xml:70:13-36
223            android:exported="false" >
223-->[androidx.work:work-runtime:2.10.5] AndroidManifest.xml:71:13-37
224            <intent-filter>
224-->[androidx.work:work-runtime:2.10.5] AndroidManifest.xml:73:13-76:29
225                <action android:name="android.intent.action.ACTION_POWER_CONNECTED" />
225-->[androidx.work:work-runtime:2.10.5] AndroidManifest.xml:74:17-87
225-->[androidx.work:work-runtime:2.10.5] AndroidManifest.xml:74:25-84
226                <action android:name="android.intent.action.ACTION_POWER_DISCONNECTED" />
226-->[androidx.work:work-runtime:2.10.5] AndroidManifest.xml:75:17-90
226-->[androidx.work:work-runtime:2.10.5] AndroidManifest.xml:75:25-87
227            </intent-filter>
228        </receiver>
229        <receiver
229-->[androidx.work:work-runtime:2.10.5] AndroidManifest.xml:78:9-88:20
230            android:name="androidx.work.impl.background.systemalarm.ConstraintProxy$BatteryNotLowProxy"
230-->[androidx.work:work-runtime:2.10.5] AndroidManifest.xml:79:13-104
231            android:directBootAware="false"
231-->[androidx.work:work-runtime:2.10.5] AndroidManifest.xml:80:13-44
232            android:enabled="false"
232-->[androidx.work:work-runtime:2.10.5] AndroidManifest.xml:81:13-36
233            android:exported="false" >
233-->[androidx.work:work-runtime:2.10.5] AndroidManifest.xml:82:13-37
234            <intent-filter>
234-->[androidx.work:work-runtime:2.10.5] AndroidManifest.xml:84:13-87:29
235                <action android:name="android.intent.action.BATTERY_OKAY" />
235-->[androidx.work:work-runtime:2.10.5] AndroidManifest.xml:85:17-77
235-->[androidx.work:work-runtime:2.10.5] AndroidManifest.xml:85:25-74
236                <action android:name="android.intent.action.BATTERY_LOW" />
236-->[androidx.work:work-runtime:2.10.5] AndroidManifest.xml:86:17-76
236-->[androidx.work:work-runtime:2.10.5] AndroidManifest.xml:86:25-73
237            </intent-filter>
238        </receiver>
239        <receiver
239-->[androidx.work:work-runtime:2.10.5] AndroidManifest.xml:89:9-99:20
240            android:name="androidx.work.impl.background.systemalarm.ConstraintProxy$StorageNotLowProxy"
240-->[androidx.work:work-runtime:2.10.5] AndroidManifest.xml:90:13-104
241            android:directBootAware="false"
241-->[androidx.work:work-runtime:2.10.5] AndroidManifest.xml:91:13-44
242            android:enabled="false"
242-->[androidx.work:work-runtime:2.10.5] AndroidManifest.xml:92:13-36
243            android:exported="false" >
243-->[androidx.work:work-runtime:2.10.5] AndroidManifest.xml:93:13-37
244            <intent-filter>
244-->[androidx.work:work-runtime:2.10.5] AndroidManifest.xml:95:13-98:29
245                <action android:name="android.intent.action.DEVICE_STORAGE_LOW" />
245-->[androidx.work:work-runtime:2.10.5] AndroidManifest.xml:96:17-83
245-->[androidx.work:work-runtime:2.10.5] AndroidManifest.xml:96:25-80
246                <action android:name="android.intent.action.DEVICE_STORAGE_OK" />
246-->[androidx.work:work-runtime:2.10.5] AndroidManifest.xml:97:17-82
246-->[androidx.work:work-runtime:2.10.5] AndroidManifest.xml:97:25-79
247            </intent-filter>
248        </receiver>
249        <receiver
249-->[androidx.work:work-runtime:2.10.5] AndroidManifest.xml:100:9-109:20
250            android:name="androidx.work.impl.background.systemalarm.ConstraintProxy$NetworkStateProxy"
250-->[androidx.work:work-runtime:2.10.5] AndroidManifest.xml:101:13-103
251            android:directBootAware="false"
251-->[androidx.work:work-runtime:2.10.5] AndroidManifest.xml:102:13-44
252            android:enabled="false"
252-->[androidx.work:work-runtime:2.10.5] AndroidManifest.xml:103:13-36
253            android:exported="false" >
253-->[androidx.work:work-runtime:2.10.5] AndroidManifest.xml:104:13-37
254            <intent-filter>
254-->[androidx.work:work-runtime:2.10.5] AndroidManifest.xml:106:13-108:29
255                <action android:name="android.net.conn.CONNECTIVITY_CHANGE" />
255-->[androidx.work:work-runtime:2.10.5] AndroidManifest.xml:107:17-79
255-->[androidx.work:work-runtime:2.10.5] AndroidManifest.xml:107:25-76
256            </intent-filter>
257        </receiver>
258        <receiver
258-->[androidx.work:work-runtime:2.10.5] AndroidManifest.xml:110:9-121:20
259            android:name="androidx.work.impl.background.systemalarm.RescheduleReceiver"
259-->[androidx.work:work-runtime:2.10.5] AndroidManifest.xml:111:13-88
260            android:directBootAware="false"
260-->[androidx.work:work-runtime:2.10.5] AndroidManifest.xml:112:13-44
261            android:enabled="false"
261-->[androidx.work:work-runtime:2.10.5] AndroidManifest.xml:113:13-36
262            android:exported="false" >
262-->[androidx.work:work-runtime:2.10.5] AndroidManifest.xml:114:13-37
263            <intent-filter>
263-->[androidx.work:work-runtime:2.10.5] AndroidManifest.xml:116:13-120:29
264                <action android:name="android.intent.action.BOOT_COMPLETED" />
264-->[androidx.work:work-runtime:2.10.5] AndroidManifest.xml:117:17-79
264-->[androidx.work:work-runtime:2.10.5] AndroidManifest.xml:117:25-76
265                <action android:name="android.intent.action.TIME_SET" />
265-->[androidx.work:work-runtime:2.10.5] AndroidManifest.xml:118:17-73
265-->[androidx.work:work-runtime:2.10.5] AndroidManifest.xml:118:25-70
266                <action android:name="android.intent.action.TIMEZONE_CHANGED" />
266-->[androidx.work:work-runtime:2.10.5] AndroidManifest.xml:119:17-81
266-->[androidx.work:work-runtime:2.10.5] AndroidManifest.xml:119:25-78
267            </intent-filter>
268        </receiver>
269        <receiver
269-->[androidx.work:work-runtime:2.10.5] AndroidManifest.xml:122:9-131:20
270            android:name="androidx.work.impl.background.systemalarm.ConstraintProxyUpdateReceiver"
270-->[androidx.work:work-runtime:2.10.5] AndroidManifest.xml:123:13-99
271            android:directBootAware="false"
271-->[androidx.work:work-runtime:2.10.5] AndroidManifest.xml:124:13-44
272            android:enabled="@bool/enable_system_alarm_service_default"
272-->[androidx.work:work-runtime:2.10.5] AndroidManifest.xml:125:13-72
273            android:exported="false" >
273-->[androidx.work:work-runtime:2.10.5] AndroidManifest.xml:126:13-37
274            <intent-filter>
274-->[androidx.work:work-runtime:2.10.5] AndroidManifest.xml:128:13-130:29
275                <action android:name="androidx.work.impl.background.systemalarm.UpdateProxies" />
275-->[androidx.work:work-runtime:2.10.5] AndroidManifest.xml:129:17-98
275-->[androidx.work:work-runtime:2.10.5] AndroidManifest.xml:129:25-95
276            </intent-filter>
277        </receiver>
278        <receiver
278-->[androidx.work:work-runtime:2.10.5] AndroidManifest.xml:132:9-142:20
279            android:name="androidx.work.impl.diagnostics.DiagnosticsReceiver"
279-->[androidx.work:work-runtime:2.10.5] AndroidManifest.xml:133:13-78
280            android:directBootAware="false"
280-->[androidx.work:work-runtime:2.10.5] AndroidManifest.xml:134:13-44
281            android:enabled="true"
281-->[androidx.work:work-runtime:2.10.5] AndroidManifest.xml:135:13-35
282            android:exported="true"
282-->[androidx.work:work-runtime:2.10.5] AndroidManifest.xml:136:13-36
283            android:permission="android.permission.DUMP" >
283-->[androidx.work:work-runtime:2.10.5] AndroidManifest.xml:137:13-57
284            <intent-filter>
284-->[androidx.work:work-runtime:2.10.5] AndroidManifest.xml:139:13-141:29
285                <action android:name="androidx.work.diagnostics.REQUEST_DIAGNOSTICS" />
285-->[androidx.work:work-runtime:2.10.5] AndroidManifest.xml:140:17-88
285-->[androidx.work:work-runtime:2.10.5] AndroidManifest.xml:140:25-85
286            </intent-filter>
287        </receiver>
288
289        <uses-library
289-->[androidx.window:window:1.0.0] AndroidManifest.xml:25:9-27:40
290            android:name="androidx.window.extensions"
290-->[androidx.window:window:1.0.0] AndroidManifest.xml:26:13-54
291            android:required="false" />
291-->[androidx.window:window:1.0.0] AndroidManifest.xml:27:13-37
292        <uses-library
292-->[androidx.window:window:1.0.0] AndroidManifest.xml:28:9-30:40
293            android:name="androidx.window.sidecar"
293-->[androidx.window:window:1.0.0] AndroidManifest.xml:29:13-51
294            android:required="false" />
294-->[androidx.window:window:1.0.0] AndroidManifest.xml:30:13-37
295
296        <receiver
296-->[androidx.profileinstaller:profileinstaller:1.3.1] AndroidManifest.xml:34:9-52:20
297            android:name="androidx.profileinstaller.ProfileInstallReceiver"
297-->[androidx.profileinstaller:profileinstaller:1.3.1] AndroidManifest.xml:35:13-76
298            android:directBootAware="false"
298-->[androidx.profileinstaller:profileinstaller:1.3.1] AndroidManifest.xml:36:13-44
299            android:enabled="true"
299-->[androidx.profileinstaller:profileinstaller:1.3.1] AndroidManifest.xml:37:13-35
300            android:exported="true"
300-->[androidx.profileinstaller:profileinstaller:1.3.1] AndroidManifest.xml:38:13-36
301            android:permission="android.permission.DUMP" >
301-->[androidx.profileinstaller:profileinstaller:1.3.1] AndroidManifest.xml:39:13-57
302            <intent-filter>
302-->[androidx.profileinstaller:profileinstaller:1.3.1] AndroidManifest.xml:40:13-42:29
303                <action android:name="androidx.profileinstaller.action.INSTALL_PROFILE" />
303-->[androidx.profileinstaller:profileinstaller:1.3.1] AndroidManifest.xml:41:17-91
303-->[androidx.profileinstaller:profileinstaller:1.3.1] AndroidManifest.xml:41:25-88
304            </intent-filter>
305            <intent-filter>
305-->[androidx.profileinstaller:profileinstaller:1.3.1] AndroidManifest.xml:43:13-45:29
306                <action android:name="androidx.profileinstaller.action.SKIP_FILE" />
306-->[androidx.profileinstaller:profileinstaller:1.3.1] AndroidManifest.xml:44:17-85
306-->[androidx.profileinstaller:profileinstaller:1.3.1] AndroidManifest.xml:44:25-82
307            </intent-filter>
308            <intent-filter>